<?xml version="1.0" encoding="UTF-8"?>
<testsuite xmlns:xsi="http://www.w3.org/2001/XMLSchema-instance" xsi:noNamespaceSchemaLocation="https://maven.apache.org/surefire/maven-surefire-plugin/xsd/surefire-test-report.xsd" name="org.example.third.entity.CreatureTest" time="0" tests="8" errors="0" skipped="0" failures="0">
  <properties>
[...]
</properties>
  <testcase name="testHeartBeatIfIllegalHeartType" classname="org.example.third.entity.CreatureTest" time="0"/>
  <testcase name="testGambleIfIllegalGamblerType" classname="org.example.third.entity.CreatureTest" time="0"/>
  <testcase name="testBraveHeartBeat" classname="org.example.third.entity.CreatureTest" time="0"/>
  <testcase name="testOrdinaryGamble" classname="org.example.third.entity.CreatureTest" time="0"/>
  <testcase name="testBraveGamble" classname="org.example.third.entity.CreatureTest" time="0"/>
  <testcase name="testTimidHeartBeat" classname="org.example.third.entity.CreatureTest" time="0"/>
  <testcase name="testOrdinaryHeartBeat" classname="org.example.third.entity.CreatureTest" time="0"/>
  <testcase name="testTimidGamble" classname="org.example.third.entity.CreatureTest" time="0"/>
</testsuite>